[    2166ms] [INFO] %cDownload the React DevTools for a better development experience: https://react.dev/link/react-devtools font-weight:bold @ http://localhost:3001/_next/static/chunks/node_modules_next_dist_115brz8._.js:2431
[    2393ms] [LOG] [HMR] connected @ http://localhost:3001/_next/static/chunks/node_modules_next_dist_115brz8._.js:2431
[   22637ms] [ERROR] WebSocket connection to 'ws://localhost:3001/_next/webpack-hmr?id=6pcReboB509t9KbK6hXUj' failed: Error in connection establishment: net::ERR_CONNECTION_REFUSED @ http://localhost:3001/_next/static/chunks/node_modules_next_dist_client_0fhqo1d._.js:13299
[   23638ms] [ERROR] WebSocket connection to 'ws://localhost:3001/_next/webpack-hmr?id=6pcReboB509t9KbK6hXUj' failed: Error in connection establishment: net::ERR_CONNECTION_REFUSED @ http://localhost:3001/_next/static/chunks/node_modules_next_dist_client_0fhqo1d._.js:13299
[   24639ms] [ERROR] WebSocket connection to 'ws://localhost:3001/_next/webpack-hmr?id=6pcReboB509t9KbK6hXUj' failed: Error in connection establishment: net::ERR_CONNECTION_REFUSED @ http://localhost:3001/_next/static/chunks/node_modules_next_dist_client_0fhqo1d._.js:13299
[   25640ms] [ERROR] WebSocket connection to 'ws://localhost:3001/_next/webpack-hmr?id=6pcReboB509t9KbK6hXUj' failed: Error in connection establishment: net::ERR_CONNECTION_REFUSED @ http://localhost:3001/_next/static/chunks/node_modules_next_dist_client_0fhqo1d._.js:13299
[   26641ms] [ERROR] WebSocket connection to 'ws://localhost:3001/_next/webpack-hmr?id=6pcReboB509t9KbK6hXUj' failed: Error in connection establishment: net::ERR_CONNECTION_REFUSED @ http://localhost:3001/_next/static/chunks/node_modules_next_dist_client_0fhqo1d._.js:13299
[   31642ms] [ERROR] WebSocket connection to 'ws://localhost:3001/_next/webpack-hmr?id=6pcReboB509t9KbK6hXUj' failed: Error in connection establishment: net::ERR_CONNECTION_REFUSED @ http://localhost:3001/_next/static/chunks/node_modules_next_dist_client_0fhqo1d._.js:13299
[   36643ms] [ERROR] WebSocket connection to 'ws://localhost:3001/_next/webpack-hmr?id=6pcReboB509t9KbK6hXUj' failed: Error in connection establishment: net::ERR_CONNECTION_REFUSED @ http://localhost:3001/_next/static/chunks/node_modules_next_dist_client_0fhqo1d._.js:13299
[   41644ms] [ERROR] WebSocket connection to 'ws://localhost:3001/_next/webpack-hmr?id=6pcReboB509t9KbK6hXUj' failed: Error in connection establishment: net::ERR_CONNECTION_REFUSED @ http://localhost:3001/_next/static/chunks/node_modules_next_dist_client_0fhqo1d._.js:13299
[   46647ms] [ERROR] WebSocket connection to 'ws://localhost:3001/_next/webpack-hmr?id=6pcReboB509t9KbK6hXUj' failed: Error in connection establishment: net::ERR_CONNECTION_REFUSED @ http://localhost:3001/_next/static/chunks/node_modules_next_dist_client_0fhqo1d._.js:13299
[   51649ms] [ERROR] WebSocket connection to 'ws://localhost:3001/_next/webpack-hmr?id=6pcReboB509t9KbK6hXUj' failed: Error in connection establishment: net::ERR_CONNECTION_REFUSED @ http://localhost:3001/_next/static/chunks/node_modules_next_dist_client_0fhqo1d._.js:13299
[   56653ms] [ERROR] WebSocket connection to 'ws://localhost:3001/_next/webpack-hmr?id=6pcReboB509t9KbK6hXUj' failed: Error in connection establishment: net::ERR_CONNECTION_REFUSED @ http://localhost:3001/_next/static/chunks/node_modules_next_dist_client_0fhqo1d._.js:13299
[   61656ms] [ERROR] WebSocket connection to 'ws://localhost:3001/_next/webpack-hmr?id=6pcReboB509t9KbK6hXUj' failed: Error in connection establishment: net::ERR_CONNECTION_REFUSED @ http://localhost:3001/_next/static/chunks/node_modules_next_dist_client_0fhqo1d._.js:13299
[  157855ms] [INFO] %cDownload the React DevTools for a better development experience: https://react.dev/link/react-devtools font-weight:bold @ http://localhost:3001/_next/static/chunks/node_modules_next_dist_115brz8._.js:2431
[  157992ms] [LOG] [HMR] connected @ http://localhost:3001/_next/static/chunks/node_modules_next_dist_115brz8._.js:2431
[  198922ms] [ERROR] WebSocket connection to 'ws://localhost:3001/_next/webpack-hmr?id=2vwNSLPAv-fyzkfZ85aHw' failed: Error in connection establishment: net::ERR_CONNECTION_REFUSED @ http://localhost:3001/_next/static/chunks/node_modules_next_dist_client_0fhqo1d._.js:13299
[  199923ms] [ERROR] WebSocket connection to 'ws://localhost:3001/_next/webpack-hmr?id=2vwNSLPAv-fyzkfZ85aHw' failed: Error in connection establishment: net::ERR_CONNECTION_REFUSED @ http://localhost:3001/_next/static/chunks/node_modules_next_dist_client_0fhqo1d._.js:13299
[  200924ms] [ERROR] WebSocket connection to 'ws://localhost:3001/_next/webpack-hmr?id=2vwNSLPAv-fyzkfZ85aHw' failed: Error in connection establishment: net::ERR_CONNECTION_REFUSED @ http://localhost:3001/_next/static/chunks/node_modules_next_dist_client_0fhqo1d._.js:13299
[  201925ms] [ERROR] WebSocket connection to 'ws://localhost:3001/_next/webpack-hmr?id=2vwNSLPAv-fyzkfZ85aHw' failed: Error in connection establishment: net::ERR_CONNECTION_REFUSED @ http://localhost:3001/_next/static/chunks/node_modules_next_dist_client_0fhqo1d._.js:13299
[  202926ms] [ERROR] WebSocket connection to 'ws://localhost:3001/_next/webpack-hmr?id=2vwNSLPAv-fyzkfZ85aHw' failed: Error in connection establishment: net::ERR_CONNECTION_REFUSED @ http://localhost:3001/_next/static/chunks/node_modules_next_dist_client_0fhqo1d._.js:13299
[  207927ms] [ERROR] WebSocket connection to 'ws://localhost:3001/_next/webpack-hmr?id=2vwNSLPAv-fyzkfZ85aHw' failed: Error in connection establishment: net::ERR_CONNECTION_REFUSED @ http://localhost:3001/_next/static/chunks/node_modules_next_dist_client_0fhqo1d._.js:13299
[  212928ms] [ERROR] WebSocket connection to 'ws://localhost:3001/_next/webpack-hmr?id=2vwNSLPAv-fyzkfZ85aHw' failed: Error in connection establishment: net::ERR_CONNECTION_REFUSED @ http://localhost:3001/_next/static/chunks/node_modules_next_dist_client_0fhqo1d._.js:13299
[  217930ms] [ERROR] WebSocket connection to 'ws://localhost:3001/_next/webpack-hmr?id=2vwNSLPAv-fyzkfZ85aHw' failed: Error in connection establishment: net::ERR_CONNECTION_REFUSED @ http://localhost:3001/_next/static/chunks/node_modules_next_dist_client_0fhqo1d._.js:13299
[  222933ms] [ERROR] WebSocket connection to 'ws://localhost:3001/_next/webpack-hmr?id=2vwNSLPAv-fyzkfZ85aHw' failed: Error in connection establishment: net::ERR_CONNECTION_REFUSED @ http://localhost:3001/_next/static/chunks/node_modules_next_dist_client_0fhqo1d._.js:13299
[  227936ms] [ERROR] WebSocket connection to 'ws://localhost:3001/_next/webpack-hmr?id=2vwNSLPAv-fyzkfZ85aHw' failed: Error in connection establishment: net::ERR_CONNECTION_REFUSED @ http://localhost:3001/_next/static/chunks/node_modules_next_dist_client_0fhqo1d._.js:13299
[  232940ms] [ERROR] WebSocket connection to 'ws://localhost:3001/_next/webpack-hmr?id=2vwNSLPAv-fyzkfZ85aHw' failed: Error in connection establishment: net::ERR_CONNECTION_REFUSED @ http://localhost:3001/_next/static/chunks/node_modules_next_dist_client_0fhqo1d._.js:13299
[  237942ms] [ERROR] WebSocket connection to 'ws://localhost:3001/_next/webpack-hmr?id=2vwNSLPAv-fyzkfZ85aHw' failed: Error in connection establishment: net::ERR_CONNECTION_REFUSED @ http://localhost:3001/_next/static/chunks/node_modules_next_dist_client_0fhqo1d._.js:13299
[10234106ms] [INFO] %cDownload the React DevTools for a better development experience: https://react.dev/link/react-devtools font-weight:bold @ http://localhost:3001/_next/static/chunks/node_modules_next_dist_115brz8._.js:2431
[10234235ms] [LOG] [HMR] connected @ http://localhost:3001/_next/static/chunks/node_modules_next_dist_115brz8._.js:2431
[10841387ms] [ERROR] WebSocket connection to 'ws://localhost:3001/_next/webpack-hmr?id=e-_yZS33ZIW0DlOaPx5xG' failed: Error in connection establishment: net::ERR_CONNECTION_REFUSED @ http://localhost:3001/_next/static/chunks/node_modules_next_dist_client_0fhqo1d._.js:13299
[10842390ms] [LOG] [HMR] connected @ http://localhost:3001/_next/static/chunks/node_modules_next_dist_115brz8._.js:2431
[10842811ms] [INFO] %cDownload the React DevTools for a better development experience: https://react.dev/link/react-devtools font-weight:bold @ http://localhost:3001/_next/static/chunks/node_modules_next_dist_115brz8._.js:2431
[10842826ms] [LOG] [HMR] connected @ http://localhost:3001/_next/static/chunks/node_modules_next_dist_115brz8._.js:2431
[10853738ms] [ERROR] WebSocket connection to 'ws://localhost:3001/_next/webpack-hmr?id=uwCuLwno0migTtoiCzT4z' failed: Error in connection establishment: net::ERR_CONNECTION_REFUSED @ http://localhost:3001/_next/static/chunks/node_modules_next_dist_client_0fhqo1d._.js:13299
[10854739ms] [ERROR] WebSocket connection to 'ws://localhost:3001/_next/webpack-hmr?id=uwCuLwno0migTtoiCzT4z' failed: Error in connection establishment: net::ERR_CONNECTION_REFUSED @ http://localhost:3001/_next/static/chunks/node_modules_next_dist_client_0fhqo1d._.js:13299
[10855740ms] [ERROR] WebSocket connection to 'ws://localhost:3001/_next/webpack-hmr?id=uwCuLwno0migTtoiCzT4z' failed: Error in connection establishment: net::ERR_CONNECTION_REFUSED @ http://localhost:3001/_next/static/chunks/node_modules_next_dist_client_0fhqo1d._.js:13299
[10856741ms] [ERROR] WebSocket connection to 'ws://localhost:3001/_next/webpack-hmr?id=uwCuLwno0migTtoiCzT4z' failed: Error in connection establishment: net::ERR_CONNECTION_REFUSED @ http://localhost:3001/_next/static/chunks/node_modules_next_dist_client_0fhqo1d._.js:13299
[10857742ms] [ERROR] WebSocket connection to 'ws://localhost:3001/_next/webpack-hmr?id=uwCuLwno0migTtoiCzT4z' failed: Error in connection establishment: net::ERR_CONNECTION_REFUSED @ http://localhost:3001/_next/static/chunks/node_modules_next_dist_client_0fhqo1d._.js:13299
[10862743ms] [ERROR] WebSocket connection to 'ws://localhost:3001/_next/webpack-hmr?id=uwCuLwno0migTtoiCzT4z' failed: Error in connection establishment: net::ERR_CONNECTION_REFUSED @ http://localhost:3001/_next/static/chunks/node_modules_next_dist_client_0fhqo1d._.js:13299
[10867744ms] [ERROR] WebSocket connection to 'ws://localhost:3001/_next/webpack-hmr?id=uwCuLwno0migTtoiCzT4z' failed: Error in connection establishment: net::ERR_CONNECTION_REFUSED @ http://localhost:3001/_next/static/chunks/node_modules_next_dist_client_0fhqo1d._.js:13299
[10872745ms] [ERROR] WebSocket connection to 'ws://localhost:3001/_next/webpack-hmr?id=uwCuLwno0migTtoiCzT4z' failed: Error in connection establishment: net::ERR_CONNECTION_REFUSED @ http://localhost:3001/_next/static/chunks/node_modules_next_dist_client_0fhqo1d._.js:13299
[10877746ms] [ERROR] WebSocket connection to 'ws://localhost:3001/_next/webpack-hmr?id=uwCuLwno0migTtoiCzT4z' failed: Error in connection establishment: net::ERR_CONNECTION_REFUSED @ http://localhost:3001/_next/static/chunks/node_modules_next_dist_client_0fhqo1d._.js:13299
[10882748ms] [ERROR] WebSocket connection to 'ws://localhost:3001/_next/webpack-hmr?id=uwCuLwno0migTtoiCzT4z' failed: Error in connection establishment: net::ERR_CONNECTION_REFUSED @ http://localhost:3001/_next/static/chunks/node_modules_next_dist_client_0fhqo1d._.js:13299
[10887749ms] [ERROR] WebSocket connection to 'ws://localhost:3001/_next/webpack-hmr?id=uwCuLwno0migTtoiCzT4z' failed: Error in connection establishment: net::ERR_CONNECTION_REFUSED @ http://localhost:3001/_next/static/chunks/node_modules_next_dist_client_0fhqo1d._.js:13299
[10892749ms] [ERROR] WebSocket connection to 'ws://localhost:3001/_next/webpack-hmr?id=uwCuLwno0migTtoiCzT4z' failed: Error in connection establishment: net::ERR_CONNECTION_REFUSED @ http://localhost:3001/_next/static/chunks/node_modules_next_dist_client_0fhqo1d._.js:13299
